2023-04-03 01:10:33.451497 - Initialized conversion of CBT559
2023-04-03 01:10:34.550263 - Received CBT.V504.FILE559.PDS from FILE559.XMI 
2023-04-03 01:10:34.553260 - Found $$$#DATE.txt (text/plain) in CBT.V504.FILE559.PDS, moved to PDS/$$$#DATE
2023-04-03 01:10:34.554526 - Found $$README.txt (text/plain) in CBT.V504.FILE559.PDS, moved to PDS/$$README
2023-04-03 01:10:34.555610 - Found $BRAKETS.txt (text/plain) in CBT.V504.FILE559.PDS, moved to PDS/$BRAKETS
2023-04-03 01:10:34.556710 - Found $SAMPJC$.jcl (text/plain) in CBT.V504.FILE559.PDS, moved to PDS/$SAMPJC$
2023-04-03 01:10:34.558069 - Found $SAMPJCL.txt (text/plain) in CBT.V504.FILE559.PDS, moved to PDS/$SAMPJCL
2023-04-03 01:10:34.559175 - Found $SAMPSR$.jcl (text/plain) in CBT.V504.FILE559.PDS, moved to PDS/$SAMPSR$
2023-04-03 01:10:34.560301 - Found $SAMPSRC.x-c (text/x-c) in CBT.V504.FILE559.PDS, moved to PDS/$SAMPSRC
2023-04-03 01:10:34.561325 - Found @FILE559.txt (text/plain) in CBT.V504.FILE559.PDS, moved to PDS/@FILE559
2023-04-03 01:10:34.562236 - Found ABAL.x-c (text/x-c) in CBT.V504.FILE559.PDS, moved to PDS/ABAL
2023-04-03 01:10:34.563172 - Found BLDFUNCD.x-c (text/x-c) in CBT.V504.FILE559.PDS, moved to PDS/BLDFUNCD
2023-04-03 01:10:34.564555 - Found CALENDAR.x-c (text/x-c) in CBT.V504.FILE559.PDS, moved to PDS/CALENDAR
2023-04-03 01:10:34.565744 - Found CALLBIN.x-c (text/x-c) in CBT.V504.FILE559.PDS, moved to PDS/CALLBIN
2023-04-03 01:10:34.566727 - Found CAPACITR.x-c (text/x-c) in CBT.V504.FILE559.PDS, moved to PDS/CAPACITR
2023-04-03 01:10:34.567688 - Found CBC3GDC4.x-c (text/x-c) in CBT.V504.FILE559.PDS, moved to PDS/CBC3GDC4
2023-04-03 01:10:34.568581 - Found CFUNC.txt (text/plain) in CBT.V504.FILE559.PDS, moved to PDS/CFUNC
2023-04-03 01:10:34.569472 - Found CHARCNTF.x-c (text/x-c) in CBT.V504.FILE559.PDS, moved to PDS/CHARCNTF
2023-04-03 01:10:34.570369 - Found CHARDEL.x-c (text/x-c) in CBT.V504.FILE559.PDS, moved to PDS/CHARDEL
2023-04-03 01:10:34.571285 - Found CHECK2.x-c (text/x-c) in CBT.V504.FILE559.PDS, moved to PDS/CHECK2
2023-04-03 01:10:34.572160 - Found CHILD.x-c (text/x-c) in CBT.V504.FILE559.PDS, moved to PDS/CHILD
2023-04-03 01:10:34.573001 - Found CHKGRADE.x-c (text/x-c) in CBT.V504.FILE559.PDS, moved to PDS/CHKGRADE
2023-04-03 01:10:34.573891 - Found CHK50GRD.x-c (text/x-c) in CBT.V504.FILE559.PDS, moved to PDS/CHK50GRD
2023-04-03 01:10:34.574860 - Found CIRCLE.x-c (text/x-c) in CBT.V504.FILE559.PDS, moved to PDS/CIRCLE
2023-04-03 01:10:34.576168 - Found CMPRFILE.x-c (text/x-c) in CBT.V504.FILE559.PDS, moved to PDS/CMPRFILE
2023-04-03 01:10:34.577124 - Found COILIND.x-c (text/x-c) in CBT.V504.FILE559.PDS, moved to PDS/COILIND
2023-04-03 01:10:34.577136 - Found COMADLM.bin containing application/octet-stream, moved to PDS/COMADLM
2023-04-03 01:10:34.579041 - Found COMPLEX.x-c (text/x-c) in CBT.V504.FILE559.PDS, moved to PDS/COMPLEX
2023-04-03 01:10:34.579986 - Found CONV.x-c (text/x-c) in CBT.V504.FILE559.PDS, moved to PDS/CONV
2023-04-03 01:10:34.580867 - Found COPYCNT.x-c (text/x-c) in CBT.V504.FILE559.PDS, moved to PDS/COPYCNT
2023-04-03 01:10:34.581742 - Found COPYNEW.x-c (text/x-c) in CBT.V504.FILE559.PDS, moved to PDS/COPYNEW
2023-04-03 01:10:34.582605 - Found COPYSOME.x-c (text/x-c) in CBT.V504.FILE559.PDS, moved to PDS/COPYSOME
2023-04-03 01:10:34.583519 - Found COPYSUBR.x-c (text/x-c) in CBT.V504.FILE559.PDS, moved to PDS/COPYSUBR
2023-04-03 01:10:34.584407 - Found COPYTO.x-c (text/x-c) in CBT.V504.FILE559.PDS, moved to PDS/COPYTO
2023-04-03 01:10:34.585293 - Found COPY2TO.x-c (text/x-c) in CBT.V504.FILE559.PDS, moved to PDS/COPY2TO
2023-04-03 01:10:34.586316 - Found COUNTBYT.x-c (text/x-c) in CBT.V504.FILE559.PDS, moved to PDS/COUNTBYT
2023-04-03 01:10:34.587224 - Found COUNTBY0.x-c (text/x-c) in CBT.V504.FILE559.PDS, moved to PDS/COUNTBY0
2023-04-03 01:10:34.588163 - Found CPUTYPE.txt (text/plain) in CBT.V504.FILE559.PDS, moved to PDS/CPUTYPE
2023-04-03 01:10:34.589051 - Found CREATEPR.x-c (text/x-c) in CBT.V504.FILE559.PDS, moved to PDS/CREATEPR
2023-04-03 01:10:34.589950 - Found CREATPRV.x-c (text/x-c) in CBT.V504.FILE559.PDS, moved to PDS/CREATPRV
2023-04-03 01:10:34.590884 - Found CREATSUB.x-c (text/x-c) in CBT.V504.FILE559.PDS, moved to PDS/CREATSUB
2023-04-03 01:10:34.592198 - Found CSECMCH2.x-c (text/x-c) in CBT.V504.FILE559.PDS, moved to PDS/CSECMCH2
2023-04-03 01:10:34.593155 - Found C2COMPCK.txt (text/plain) in CBT.V504.FILE559.PDS, moved to PDS/C2COMPCK
2023-04-03 01:10:34.594080 - Found DATECALC.x-c (text/x-c) in CBT.V504.FILE559.PDS, moved to PDS/DATECALC
2023-04-03 01:10:34.594997 - Found DAYJAN1.x-c (text/x-c) in CBT.V504.FILE559.PDS, moved to PDS/DAYJAN1
2023-04-03 01:10:34.595959 - Found DAYRPT.txt (text/plain) in CBT.V504.FILE559.PDS, moved to PDS/DAYRPT
2023-04-03 01:10:34.596855 - Found DAYWEEK.x-c (text/x-c) in CBT.V504.FILE559.PDS, moved to PDS/DAYWEEK
2023-04-03 01:10:34.597718 - Found DDIR.x-c (text/x-c) in CBT.V504.FILE559.PDS, moved to PDS/DDIR
2023-04-03 01:10:34.598557 - Found DEPRECPT.x-c (text/x-c) in CBT.V504.FILE559.PDS, moved to PDS/DEPRECPT
2023-04-03 01:10:34.599458 - Found DIRSEL.x-c (text/x-c) in CBT.V504.FILE559.PDS, moved to PDS/DIRSEL
2023-04-03 01:10:34.600407 - Found DIRSIZE.x-c (text/x-c) in CBT.V504.FILE559.PDS, moved to PDS/DIRSIZE
2023-04-03 01:10:34.601278 - Found DIVIDE.x-c (text/x-c) in CBT.V504.FILE559.PDS, moved to PDS/DIVIDE
2023-04-03 01:10:34.602097 - Found DOWNLOAD.x-c (text/x-c) in CBT.V504.FILE559.PDS, moved to PDS/DOWNLOAD
2023-04-03 01:10:34.602950 - Found DROPCR.x-c (text/x-c) in CBT.V504.FILE559.PDS, moved to PDS/DROPCR
2023-04-03 01:10:34.603852 - Found DUMPHEX.x-c (text/x-c) in CBT.V504.FILE559.PDS, moved to PDS/DUMPHEX
2023-04-03 01:10:34.604729 - Found EASTER.x-c (text/x-c) in CBT.V504.FILE559.PDS, moved to PDS/EASTER
2023-04-03 01:10:34.605615 - Found EDGEFIND.txt (text/plain) in CBT.V504.FILE559.PDS, moved to PDS/EDGEFIND
2023-04-03 01:10:34.606469 - Found EDGESTRP.txt (text/plain) in CBT.V504.FILE559.PDS, moved to PDS/EDGESTRP
2023-04-03 01:10:34.607832 - Found EDGEVSCB.txt (text/plain) in CBT.V504.FILE559.PDS, moved to PDS/EDGEVSCB
2023-04-03 01:10:34.608799 - Found EDIT.txt (text/plain) in CBT.V504.FILE559.PDS, moved to PDS/EDIT
2023-04-03 01:10:34.609751 - Found EDIT2.x-c (text/x-c) in CBT.V504.FILE559.PDS, moved to PDS/EDIT2
2023-04-03 01:10:34.610702 - Found EMPEROR.x-c (text/x-c) in CBT.V504.FILE559.PDS, moved to PDS/EMPEROR
2023-04-03 01:10:34.611606 - Found ENDCKDUP.x-c (text/x-c) in CBT.V504.FILE559.PDS, moved to PDS/ENDCKDUP
2023-04-03 01:10:34.612525 - Found ENDVELMT.x-c (text/x-c) in CBT.V504.FILE559.PDS, moved to PDS/ENDVELMT
2023-04-03 01:10:34.613433 - Found ENDVPGLS.x-c (text/x-c) in CBT.V504.FILE559.PDS, moved to PDS/ENDVPGLS
2023-04-03 01:10:34.614313 - Found ENDVRTVL.x-c (text/x-c) in CBT.V504.FILE559.PDS, moved to PDS/ENDVRTVL
2023-04-03 01:10:34.615189 - Found ENDVRTV2.x-c (text/x-c) in CBT.V504.FILE559.PDS, moved to PDS/ENDVRTV2
2023-04-03 01:10:34.616169 - Found ENDVXPND.x-c (text/x-c) in CBT.V504.FILE559.PDS, moved to PDS/ENDVXPND
2023-04-03 01:10:34.617091 - Found ENUM.x-c (text/x-c) in CBT.V504.FILE559.PDS, moved to PDS/ENUM
2023-04-03 01:10:34.617939 - Found FAHRCENT.x-c (text/x-c) in CBT.V504.FILE559.PDS, moved to PDS/FAHRCENT
2023-04-03 01:10:34.618805 - Found FIND.x-c (text/x-c) in CBT.V504.FILE559.PDS, moved to PDS/FIND
2023-04-03 01:10:34.619647 - Found FUNKEY.x-c (text/x-c) in CBT.V504.FILE559.PDS, moved to PDS/FUNKEY
2023-04-03 01:10:34.620546 - Found GENLDATE.x-c (text/x-c) in CBT.V504.FILE559.PDS, moved to PDS/GENLDATE
2023-04-03 01:10:34.621403 - Found GENLDAT0.txt (text/plain) in CBT.V504.FILE559.PDS, moved to PDS/GENLDAT0
2023-04-03 01:10:34.622250 - Found GENLDAT2.txt (text/plain) in CBT.V504.FILE559.PDS, moved to PDS/GENLDAT2
2023-04-03 01:10:34.623120 - Found GETENTR.txt (text/plain) in CBT.V504.FILE559.PDS, moved to PDS/GETENTR
2023-04-03 01:10:34.624066 - Found GETWORDS.x-c (text/x-c) in CBT.V504.FILE559.PDS, moved to PDS/GETWORDS
2023-04-03 01:10:34.624930 - Found HANGMAN.x-c (text/x-c) in CBT.V504.FILE559.PDS, moved to PDS/HANGMAN
2023-04-03 01:10:34.625815 - Found HELLO.x-c (text/x-c) in CBT.V504.FILE559.PDS, moved to PDS/HELLO
2023-04-03 01:10:34.626715 - Found HEXDUMP.x-c (text/x-c) in CBT.V504.FILE559.PDS, moved to PDS/HEXDUMP
2023-04-03 01:10:34.627810 - Found HOPKINS.x-c (text/x-c) in CBT.V504.FILE559.PDS, moved to PDS/HOPKINS
2023-04-03 01:10:34.628735 - Found IBMDUMP.x-c (text/x-c) in CBT.V504.FILE559.PDS, moved to PDS/IBMDUMP
2023-04-03 01:10:34.629586 - Found JUMPTAB.txt (text/plain) in CBT.V504.FILE559.PDS, moved to PDS/JUMPTAB
2023-04-03 01:10:34.630459 - Found JUMPTAB2.txt (text/plain) in CBT.V504.FILE559.PDS, moved to PDS/JUMPTAB2
2023-04-03 01:10:34.631400 - Found KBDTEST.x-c (text/x-c) in CBT.V504.FILE559.PDS, moved to PDS/KBDTEST
2023-04-03 01:10:34.632370 - Found LITRLS.txt (text/plain) in CBT.V504.FILE559.PDS, moved to PDS/LITRLS
2023-04-03 01:10:34.633244 - Found MAKETST.x-c (text/x-c) in CBT.V504.FILE559.PDS, moved to PDS/MAKETST
2023-04-03 01:10:34.634127 - Found MEASURE.x-c (text/x-c) in CBT.V504.FILE559.PDS, moved to PDS/MEASURE
2023-04-03 01:10:34.635015 - Found MEMSIZE.x-c (text/x-c) in CBT.V504.FILE559.PDS, moved to PDS/MEMSIZE
2023-04-03 01:10:34.635914 - Found MEMSIZE0.x-c (text/x-c) in CBT.V504.FILE559.PDS, moved to PDS/MEMSIZE0
2023-04-03 01:10:34.636801 - Found MOFN.x-c (text/x-c) in CBT.V504.FILE559.PDS, moved to PDS/MOFN
2023-04-03 01:10:34.637677 - Found MOFN2.x-c (text/x-c) in CBT.V504.FILE559.PDS, moved to PDS/MOFN2
2023-04-03 01:10:34.638532 - Found MOVSTRU.x-c (text/x-c) in CBT.V504.FILE559.PDS, moved to PDS/MOVSTRU
2023-04-03 01:10:34.639454 - Found MRECC.txt (text/plain) in CBT.V504.FILE559.PDS, moved to PDS/MRECC
2023-04-03 01:10:34.640345 - Found MSASMMOD.txt (text/plain) in CBT.V504.FILE559.PDS, moved to PDS/MSASMMOD
2023-04-03 01:10:34.641213 - Found MSMCHMOD.txt (text/plain) in CBT.V504.FILE559.PDS, moved to PDS/MSMCHMOD
2023-04-03 01:10:34.642036 - Found MVSTRUC.x-c (text/x-c) in CBT.V504.FILE559.PDS, moved to PDS/MVSTRUC
2023-04-03 01:10:34.642909 - Found NETPAY.x-c (text/x-c) in CBT.V504.FILE559.PDS, moved to PDS/NETPAY
2023-04-03 01:10:34.643833 - Found NOTRLBK.x-c (text/x-c) in CBT.V504.FILE559.PDS, moved to PDS/NOTRLBK
2023-04-03 01:10:34.644758 - Found PASSADDR.x-c (text/x-c) in CBT.V504.FILE559.PDS, moved to PDS/PASSADDR
2023-04-03 01:10:34.645661 - Found PRIME.x-c (text/x-c) in CBT.V504.FILE559.PDS, moved to PDS/PRIME
2023-04-03 01:10:34.646578 - Found PRIMES.x-c (text/x-c) in CBT.V504.FILE559.PDS, moved to PDS/PRIMES
2023-04-03 01:10:34.647479 - Found PRINT.x-c (text/x-c) in CBT.V504.FILE559.PDS, moved to PDS/PRINT
2023-04-03 01:10:34.648408 - Found PRINTALL.x-c (text/x-c) in CBT.V504.FILE559.PDS, moved to PDS/PRINTALL
2023-04-03 01:10:34.649332 - Found PRNFIL.txt (text/plain) in CBT.V504.FILE559.PDS, moved to PDS/PRNFIL
2023-04-03 01:10:34.650259 - Found PRTEXACT.x-c (text/x-c) in CBT.V504.FILE559.PDS, moved to PDS/PRTEXACT
2023-04-03 01:10:34.651154 - Found PRVINIT.x-c (text/x-c) in CBT.V504.FILE559.PDS, moved to PDS/PRVINIT
2023-04-03 01:10:34.652042 - Found PRVSEAR.txt (text/plain) in CBT.V504.FILE559.PDS, moved to PDS/PRVSEAR
2023-04-03 01:10:34.652961 - Found PRVSERV.txt (text/plain) in CBT.V504.FILE559.PDS, moved to PDS/PRVSERV
2023-04-03 01:10:34.653807 - Found PRVTERM.txt (text/plain) in CBT.V504.FILE559.PDS, moved to PDS/PRVTERM
2023-04-03 01:10:34.654708 - Found PTRARAY.x-c (text/x-c) in CBT.V504.FILE559.PDS, moved to PDS/PTRARAY
2023-04-03 01:10:34.655590 - Found PUREBRE.x-c (text/x-c) in CBT.V504.FILE559.PDS, moved to PDS/PUREBRE
2023-04-03 01:10:34.656477 - Found RDVSMSEQ.x-c (text/x-c) in CBT.V504.FILE559.PDS, moved to PDS/RDVSMSEQ
2023-04-03 01:10:34.657351 - Found READC.x-c (text/x-c) in CBT.V504.FILE559.PDS, moved to PDS/READC
2023-04-03 01:10:34.658198 - Found READDIR.x-c (text/x-c) in CBT.V504.FILE559.PDS, moved to PDS/READDIR
2023-04-03 01:10:34.659081 - Found REMOVE0A.x-c (text/x-c) in CBT.V504.FILE559.PDS, moved to PDS/REMOVE0A
2023-04-03 01:10:34.659989 - Found RENDIR.x-c (text/x-c) in CBT.V504.FILE559.PDS, moved to PDS/RENDIR
2023-04-03 01:10:34.660903 - Found RENGREG.x-c (text/x-c) in CBT.V504.FILE559.PDS, moved to PDS/RENGREG
2023-04-03 01:10:34.661777 - Found RUNTESTS.x-c (text/x-c) in CBT.V504.FILE559.PDS, moved to PDS/RUNTESTS
2023-04-03 01:10:34.662621 - Found SCR.txt (text/plain) in CBT.V504.FILE559.PDS, moved to PDS/SCR
2023-04-03 01:10:34.663633 - Found SCRGEN.x-c (text/x-c) in CBT.V504.FILE559.PDS, moved to PDS/SCRGEN
2023-04-03 01:10:34.664597 - Found SCRNEDIT.x-c (text/x-c) in CBT.V504.FILE559.PDS, moved to PDS/SCRNEDIT
2023-04-03 01:10:34.665516 - Found SCRNEDT1.x-c (text/x-c) in CBT.V504.FILE559.PDS, moved to PDS/SCRNEDT1
2023-04-03 01:10:34.666382 - Found SETDIARY.txt (text/plain) in CBT.V504.FILE559.PDS, moved to PDS/SETDIARY
2023-04-03 01:10:34.667285 - Found SETMODE.x-c (text/x-c) in CBT.V504.FILE559.PDS, moved to PDS/SETMODE
2023-04-03 01:10:34.668202 - Found SHFTRITE.x-c (text/x-c) in CBT.V504.FILE559.PDS, moved to PDS/SHFTRITE
2023-04-03 01:10:34.669138 - Found SKELETON.x-c (text/x-c) in CBT.V504.FILE559.PDS, moved to PDS/SKELETON
2023-04-03 01:10:34.669151 - Found SMLINT.bin containing application/octet-stream, moved to PDS/SMLINT
2023-04-03 01:10:34.670907 - Found SORT.txt (text/plain) in CBT.V504.FILE559.PDS, moved to PDS/SORT
2023-04-03 01:10:34.671807 - Found SORTNUM.x-c (text/x-c) in CBT.V504.FILE559.PDS, moved to PDS/SORTNUM
2023-04-03 01:10:34.672686 - Found SORTSTR.x-c (text/x-c) in CBT.V504.FILE559.PDS, moved to PDS/SORTSTR
2023-04-03 01:10:34.673562 - Found SPAWN.x-c (text/x-c) in CBT.V504.FILE559.PDS, moved to PDS/SPAWN
2023-04-03 01:10:34.674418 - Found SPAWNFAM.x-c (text/x-c) in CBT.V504.FILE559.PDS, moved to PDS/SPAWNFAM
2023-04-03 01:10:34.675367 - Found SPLIT4.x-c (text/x-c) in CBT.V504.FILE559.PDS, moved to PDS/SPLIT4
2023-04-03 01:10:34.676276 - Found STAT.txt (text/plain) in CBT.V504.FILE559.PDS, moved to PDS/STAT
2023-04-03 01:10:34.677182 - Found STMENU2.txt (text/plain) in CBT.V504.FILE559.PDS, moved to PDS/STMENU2
2023-04-03 01:10:34.678051 - Found STRGINS.x-c (text/x-c) in CBT.V504.FILE559.PDS, moved to PDS/STRGINS
2023-04-03 01:10:34.678970 - Found STRPUTS.x-c (text/x-c) in CBT.V504.FILE559.PDS, moved to PDS/STRPUTS
2023-04-03 01:10:34.679920 - Found SUBRUPDT.x-c (text/x-c) in CBT.V504.FILE559.PDS, moved to PDS/SUBRUPDT
2023-04-03 01:10:34.680835 - Found TABTOSP.txt (text/plain) in CBT.V504.FILE559.PDS, moved to PDS/TABTOSP
2023-04-03 01:10:34.681702 - Found TESTBOX.x-c (text/x-c) in CBT.V504.FILE559.PDS, moved to PDS/TESTBOX
2023-04-03 01:10:34.682582 - Found TESTFILE.x-c (text/x-c) in CBT.V504.FILE559.PDS, moved to PDS/TESTFILE
2023-04-03 01:10:34.683489 - Found TESTHEX.x-c (text/x-c) in CBT.V504.FILE559.PDS, moved to PDS/TESTHEX
2023-04-03 01:10:34.684428 - Found TESTSCR.x-c (text/x-c) in CBT.V504.FILE559.PDS, moved to PDS/TESTSCR
2023-04-03 01:10:34.685331 - Found TIMEOUT.x-c (text/x-c) in CBT.V504.FILE559.PDS, moved to PDS/TIMEOUT
2023-04-03 01:10:34.686212 - Found TRYEDIT.x-c (text/x-c) in CBT.V504.FILE559.PDS, moved to PDS/TRYEDIT
2023-04-03 01:10:34.687116 - Found TRYFMOD.x-c (text/x-c) in CBT.V504.FILE559.PDS, moved to PDS/TRYFMOD
2023-04-03 01:10:34.688033 - Found TWINKLE.x-c (text/x-c) in CBT.V504.FILE559.PDS, moved to PDS/TWINKLE
2023-04-03 01:10:34.688041 - Found TXSTK.bin containing application/octet-stream, moved to PDS/TXSTK
2023-04-03 01:10:34.688964 - Found TXSTK2.bin containing application/octet-stream, moved to PDS/TXSTK2
2023-04-03 01:10:34.690691 - Found TYPE2.x-c (text/x-c) in CBT.V504.FILE559.PDS, moved to PDS/TYPE2
2023-04-03 01:10:34.691637 - Found TZBIGLTR.x-c (text/x-c) in CBT.V504.FILE559.PDS, moved to PDS/TZBIGLTR
2023-04-03 01:10:34.692589 - Found UNUCASE.x-c (text/x-c) in CBT.V504.FILE559.PDS, moved to PDS/UNUCASE
2023-04-03 01:10:34.693519 - Found UPPRCASE.x-c (text/x-c) in CBT.V504.FILE559.PDS, moved to PDS/UPPRCASE
2023-04-03 01:10:34.694399 - Found VALUES.x-c (text/x-c) in CBT.V504.FILE559.PDS, moved to PDS/VALUES
2023-04-03 01:10:34.695329 - Found VENUS.x-c (text/x-c) in CBT.V504.FILE559.PDS, moved to PDS/VENUS
2023-04-03 01:10:34.696278 - Found VOICEMOD.x-c (text/x-c) in CBT.V504.FILE559.PDS, moved to PDS/VOICEMOD
2023-04-03 01:10:34.697174 - Found VSAMCALC.x-c (text/x-c) in CBT.V504.FILE559.PDS, moved to PDS/VSAMCALC
2023-04-03 01:10:34.698063 - Found WAYNE.x-c (text/x-c) in CBT.V504.FILE559.PDS, moved to PDS/WAYNE
2023-04-03 01:10:34.698980 - Found WINDOW1.x-c (text/x-c) in CBT.V504.FILE559.PDS, moved to PDS/WINDOW1
2023-04-03 01:10:34.699927 - Found WINTEST.txt (text/plain) in CBT.V504.FILE559.PDS, moved to PDS/WINTEST
2023-04-03 01:10:34.700852 - Found WLOOP.x-c (text/x-c) in CBT.V504.FILE559.PDS, moved to PDS/WLOOP
2023-04-03 01:10:34.701742 - Found WORDCNTF.x-c (text/x-c) in CBT.V504.FILE559.PDS, moved to PDS/WORDCNTF
2023-04-03 01:10:34.702588 - Found WPRINTF.txt (text/plain) in CBT.V504.FILE559.PDS, moved to PDS/WPRINTF
2023-04-03 01:10:34.703458 - Found WRITE.x-c (text/x-c) in CBT.V504.FILE559.PDS, moved to PDS/WRITE
2023-04-03 01:10:34.704341 - Found WRITEC.x-c (text/x-c) in CBT.V504.FILE559.PDS, moved to PDS/WRITEC
2023-04-03 01:10:34.705215 - Found WRTBLOCK.txt (text/plain) in CBT.V504.FILE559.PDS, moved to PDS/WRTBLOCK
2023-04-03 01:10:34.706100 - Found WSEARCH.txt (text/plain) in CBT.V504.FILE559.PDS, moved to PDS/WSEARCH
2023-04-03 01:10:34.707042 - Found ZERO3.x-c (text/x-c) in CBT.V504.FILE559.PDS, moved to PDS/ZERO3
